<?xml version="1.0" encoding="UTF-8"?>
<testsuite xmlns:xsi="http://www.w3.org/2001/XMLSchema-instance" xsi:noNamespaceSchemaLocation="https://maven.apache.org/surefire/maven-surefire-plugin/xsd/surefire-test-report.xsd" name="praktikum.BurgerTest" time="0.872" tests="32" errors="0" skipped="0" failures="16">
  <properties>
[...]
</properties>
  <testcase name="testAddMultipleIngredients[0]" classname="praktikum.BurgerTest" time="0.79">
    <failure message="expected:&lt;500.0&gt; but was:&lt;600.0&gt;" type="java.lang.AssertionError"><![CDATA[java.lang.AssertionError: expected:<500.0> but was:<600.0>
	at praktikum.BurgerTest.testAddMultipleIngredients(BurgerTest.java:134)
]]></failure>
  </testcase>
  <testcase name="testGetPrice[0]" classname="praktikum.BurgerTest" time="0">
    <failure message="expected:&lt;300.0&gt; but was:&lt;400.0&gt;" type="java.lang.AssertionError"><![CDATA[java.lang.AssertionError: expected:<300.0> but was:<400.0>
	at praktikum.BurgerTest.testGetPrice(BurgerTest.java:92)
]]></failure>
  </testcase>
  <testcase name="testRemoveIngredient[0]" classname="praktikum.BurgerTest" time="0"/>
  <testcase name="testMoveIngredient[0]" classname="praktikum.BurgerTest" time="0"/>
  <testcase name="testGetPriceWithMultipleIngredients[0]" classname="praktikum.BurgerTest" time="0">
    <failure message="expected:&lt;500.0&gt; but was:&lt;600.0&gt;" type="java.lang.AssertionError"><![CDATA[java.lang.AssertionError: expected:<500.0> but was:<600.0>
	at praktikum.BurgerTest.testGetPriceWithMultipleIngredients(BurgerTest.java:144)
]]></failure>
  </testcase>
  <testcase name="testGetReceipt[0]" classname="praktikum.BurgerTest" time="0.063">
    <failure message="expected:&lt;...=whitebun====)Price:[250,]0&gt; but was:&lt;...=whitebun====)Price:[450,00000]0&gt;" type="org.junit.ComparisonFailure"><![CDATA[org.junit.ComparisonFailure: expected:<...=whitebun====)Price:[250,]0> but was:<...=whitebun====)Price:[450,00000]0>
	at praktikum.BurgerTest.testGetReceipt(BurgerTest.java:124)
]]></failure>
    <system-out><![CDATA[Expected: (====whitebun====)=saucehotsauce=(====whitebun====)Price:250,0
Actual: (====whitebun====)=saucehotsauce=(====whitebun====)Price:450,000000
]]></system-out>
  </testcase>
  <testcase name="testSetBuns[0]" classname="praktikum.BurgerTest" time="0"/>
  <testcase name="testAddIngredient[0]" classname="praktikum.BurgerTest" time="0"/>
  <testcase name="testAddMultipleIngredients[1]" classname="praktikum.BurgerTest" time="0">
    <failure message="expected:&lt;500.0&gt; but was:&lt;600.0&gt;" type="java.lang.AssertionError"><![CDATA[java.lang.AssertionError: expected:<500.0> but was:<600.0>
	at praktikum.BurgerTest.testAddMultipleIngredients(BurgerTest.java:134)
]]></failure>
  </testcase>
  <testcase name="testGetPrice[1]" classname="praktikum.BurgerTest" time="0.001">
    <failure message="expected:&lt;300.0&gt; but was:&lt;400.0&gt;" type="java.lang.AssertionError"><![CDATA[java.lang.AssertionError: expected:<300.0> but was:<400.0>
	at praktikum.BurgerTest.testGetPrice(BurgerTest.java:92)
]]></failure>
  </testcase>
  <testcase name="testRemoveIngredient[1]" classname="praktikum.BurgerTest" time="0.001"/>
  <testcase name="testMoveIngredient[1]" classname="praktikum.BurgerTest" time="0"/>
  <testcase name="testGetPriceWithMultipleIngredients[1]" classname="praktikum.BurgerTest" time="0.001">
    <failure message="expected:&lt;500.0&gt; but was:&lt;600.0&gt;" type="java.lang.AssertionError"><![CDATA[java.lang.AssertionError: expected:<500.0> but was:<600.0>
	at praktikum.BurgerTest.testGetPriceWithMultipleIngredients(BurgerTest.java:144)
]]></failure>
  </testcase>
  <testcase name="testGetReceipt[1]" classname="praktikum.BurgerTest" time="0.003">
    <failure message="expected:&lt;...=whitebun====)Price:[270,]0&gt; but was:&lt;...=whitebun====)Price:[470,00000]0&gt;" type="org.junit.ComparisonFailure"><![CDATA[org.junit.ComparisonFailure: expected:<...=whitebun====)Price:[270,]0> but was:<...=whitebun====)Price:[470,00000]0>
	at praktikum.BurgerTest.testGetReceipt(BurgerTest.java:124)
]]></failure>
    <system-out><![CDATA[Expected: (====whitebun====)=fillingcheese=(====whitebun====)Price:270,0
Actual: (====whitebun====)=fillingcheese=(====whitebun====)Price:470,000000
]]></system-out>
  </testcase>
  <testcase name="testSetBuns[1]" classname="praktikum.BurgerTest" time="0.001"/>
  <testcase name="testAddIngredient[1]" classname="praktikum.BurgerTest" time="0"/>
  <testcase name="testAddMultipleIngredients[2]" classname="praktikum.BurgerTest" time="0.001">
    <failure message="expected:&lt;500.0&gt; but was:&lt;600.0&gt;" type="java.lang.AssertionError"><![CDATA[java.lang.AssertionError: expected:<500.0> but was:<600.0>
	at praktikum.BurgerTest.testAddMultipleIngredients(BurgerTest.java:134)
]]></failure>
  </testcase>
  <testcase name="testGetPrice[2]" classname="praktikum.BurgerTest" time="0">
    <failure message="expected:&lt;300.0&gt; but was:&lt;400.0&gt;" type="java.lang.AssertionError"><![CDATA[java.lang.AssertionError: expected:<300.0> but was:<400.0>
	at praktikum.BurgerTest.testGetPrice(BurgerTest.java:92)
]]></failure>
  </testcase>
  <testcase name="testRemoveIngredient[2]" classname="praktikum.BurgerTest" time="0.001"/>
  <testcase name="testMoveIngredient[2]" classname="praktikum.BurgerTest" time="0"/>
  <testcase name="testGetPriceWithMultipleIngredients[2]" classname="praktikum.BurgerTest" time="0">
    <failure message="expected:&lt;500.0&gt; but was:&lt;600.0&gt;" type="java.lang.AssertionError"><![CDATA[java.lang.AssertionError: expected:<500.0> but was:<600.0>
	at praktikum.BurgerTest.testGetPriceWithMultipleIngredients(BurgerTest.java:144)
]]></failure>
  </testcase>
  <testcase name="testGetReceipt[2]" classname="praktikum.BurgerTest" time="0.004">
    <failure message="expected:&lt;...=whitebun====)Price:[250,]0&gt; but was:&lt;...=whitebun====)Price:[450,00000]0&gt;" type="org.junit.ComparisonFailure"><![CDATA[org.junit.ComparisonFailure: expected:<...=whitebun====)Price:[250,]0> but was:<...=whitebun====)Price:[450,00000]0>
	at praktikum.BurgerTest.testGetReceipt(BurgerTest.java:124)
]]></failure>
    <system-out><![CDATA[Expected: (====whitebun====)=fillinglettuce=(====whitebun====)Price:250,0
Actual: (====whitebun====)=fillinglettuce=(====whitebun====)Price:450,000000
]]></system-out>
  </testcase>
  <testcase name="testSetBuns[2]" classname="praktikum.BurgerTest" time="0"/>
  <testcase name="testAddIngredient[2]" classname="praktikum.BurgerTest" time="0"/>
  <testcase name="testAddMultipleIngredients[3]" classname="praktikum.BurgerTest" time="0.001">
    <failure message="expected:&lt;500.0&gt; but was:&lt;600.0&gt;" type="java.lang.AssertionError"><![CDATA[java.lang.AssertionError: expected:<500.0> but was:<600.0>
	at praktikum.BurgerTest.testAddMultipleIngredients(BurgerTest.java:134)
]]></failure>
  </testcase>
  <testcase name="testGetPrice[3]" classname="praktikum.BurgerTest" time="0.001">
    <failure message="expected:&lt;300.0&gt; but was:&lt;400.0&gt;" type="java.lang.AssertionError"><![CDATA[java.lang.AssertionError: expected:<300.0> but was:<400.0>
	at praktikum.BurgerTest.testGetPrice(BurgerTest.java:92)
]]></failure>
  </testcase>
  <testcase name="testRemoveIngredient[3]" classname="praktikum.BurgerTest" time="0"/>
  <testcase name="testMoveIngredient[3]" classname="praktikum.BurgerTest" time="0"/>
  <testcase name="testGetPriceWithMultipleIngredients[3]" classname="praktikum.BurgerTest" time="0">
    <failure message="expected:&lt;500.0&gt; but was:&lt;600.0&gt;" type="java.lang.AssertionError"><![CDATA[java.lang.AssertionError: expected:<500.0> but was:<600.0>
	at praktikum.BurgerTest.testGetPriceWithMultipleIngredients(BurgerTest.java:144)
]]></failure>
  </testcase>
  <testcase name="testGetReceipt[3]" classname="praktikum.BurgerTest" time="0.002">
    <failure message="expected:&lt;...=whitebun====)Price:[250,]0&gt; but was:&lt;...=whitebun====)Price:[450,00000]0&gt;" type="org.junit.ComparisonFailure"><![CDATA[org.junit.ComparisonFailure: expected:<...=whitebun====)Price:[250,]0> but was:<...=whitebun====)Price:[450,00000]0>
	at praktikum.BurgerTest.testGetReceipt(BurgerTest.java:124)
]]></failure>
    <system-out><![CDATA[Expected: (====whitebun====)=saucebbqsauce=(====whitebun====)Price:250,0
Actual: (====whitebun====)=saucebbqsauce=(====whitebun====)Price:450,000000
]]></system-out>
  </testcase>
  <testcase name="testSetBuns[3]" classname="praktikum.BurgerTest" time="0.001"/>
  <testcase name="testAddIngredient[3]" classname="praktikum.BurgerTest" time="0"/>
</testsuite>