<?xml version="1.0" encoding="UTF-8"?>
<testsuite xmlns:xsi="http://www.w3.org/2001/XMLSchema-instance" xsi:noNamespaceSchemaLocation="https://maven.apache.org/surefire/maven-surefire-plugin/xsd/surefire-test-report.xsd" name="praktikum.IngredientTest" time="0.054" tests="72" errors="0" skipped="0" failures="0">
  <properties>
[...]
</properties>
  <testcase name="testGetPrice[0]" classname="praktikum.IngredientTest" time="0"/>
  <testcase name="testNullName[0]" classname="praktikum.IngredientTest" time="0"/>
  <testcase name="testIngredientType[0]" classname="praktikum.IngredientTest" time="0"/>
  <testcase name="testEmptyName[0]" classname="praktikum.IngredientTest" time="0"/>
  <testcase name="testGetName[0]" classname="praktikum.IngredientTest" time="0"/>
  <testcase name="testGetType[0]" classname="praktikum.IngredientTest" time="0"/>
  <testcase name="testDifferentIngredients[0]" classname="praktikum.IngredientTest" time="0"/>
  <testcase name="testZeroPrice[0]" classname="praktikum.IngredientTest" time="0"/>
  <testcase name="testNegativePrice[0]" classname="praktikum.IngredientTest" time="0.001"/>
  <testcase name="testGetPrice[1]" classname="praktikum.IngredientTest" time="0"/>
  <testcase name="testNullName[1]" classname="praktikum.IngredientTest" time="0"/>
  <testcase name="testIngredientType[1]" classname="praktikum.IngredientTest" time="0"/>
  <testcase name="testEmptyName[1]" classname="praktikum.IngredientTest" time="0.002"/>
  <testcase name="testGetName[1]" classname="praktikum.IngredientTest" time="0.001"/>
  <testcase name="testGetType[1]" classname="praktikum.IngredientTest" time="0"/>
  <testcase name="testDifferentIngredients[1]" classname="praktikum.IngredientTest" time="0"/>
  <testcase name="testZeroPrice[1]" classname="praktikum.IngredientTest" time="0"/>
  <testcase name="testNegativePrice[1]" classname="praktikum.IngredientTest" time="0"/>
  <testcase name="testGetPrice[2]" classname="praktikum.IngredientTest" time="0"/>
  <testcase name="testNullName[2]" classname="praktikum.IngredientTest" time="0"/>
  <testcase name="testIngredientType[2]" classname="praktikum.IngredientTest" time="0"/>
  <testcase name="testEmptyName[2]" classname="praktikum.IngredientTest" time="0"/>
  <testcase name="testGetName[2]" classname="praktikum.IngredientTest" time="0"/>
  <testcase name="testGetType[2]" classname="praktikum.IngredientTest" time="0"/>
  <testcase name="testDifferentIngredients[2]" classname="praktikum.IngredientTest" time="0"/>
  <testcase name="testZeroPrice[2]" classname="praktikum.IngredientTest" time="0"/>
  <testcase name="testNegativePrice[2]" classname="praktikum.IngredientTest" time="0"/>
  <testcase name="testGetPrice[3]" classname="praktikum.IngredientTest" time="0"/>
  <testcase name="testNullName[3]" classname="praktikum.IngredientTest" time="0"/>
  <testcase name="testIngredientType[3]" classname="praktikum.IngredientTest" time="0"/>
  <testcase name="testEmptyName[3]" classname="praktikum.IngredientTest" time="0"/>
  <testcase name="testGetName[3]" classname="praktikum.IngredientTest" time="0"/>
  <testcase name="testGetType[3]" classname="praktikum.IngredientTest" time="0.006"/>
  <testcase name="testDifferentIngredients[3]" classname="praktikum.IngredientTest" time="0.003"/>
  <testcase name="testZeroPrice[3]" classname="praktikum.IngredientTest" time="0"/>
  <testcase name="testNegativePrice[3]" classname="praktikum.IngredientTest" time="0"/>
  <testcase name="testGetPrice[4]" classname="praktikum.IngredientTest" time="0.001"/>
  <testcase name="testNullName[4]" classname="praktikum.IngredientTest" time="0"/>
  <testcase name="testIngredientType[4]" classname="praktikum.IngredientTest" time="0"/>
  <testcase name="testEmptyName[4]" classname="praktikum.IngredientTest" time="0"/>
  <testcase name="testGetName[4]" classname="praktikum.IngredientTest" time="0"/>
  <testcase name="testGetType[4]" classname="praktikum.IngredientTest" time="0"/>
  <testcase name="testDifferentIngredients[4]" classname="praktikum.IngredientTest" time="0"/>
  <testcase name="testZeroPrice[4]" classname="praktikum.IngredientTest" time="0"/>
  <testcase name="testNegativePrice[4]" classname="praktikum.IngredientTest" time="0"/>
  <testcase name="testGetPrice[5]" classname="praktikum.IngredientTest" time="0"/>
  <testcase name="testNullName[5]" classname="praktikum.IngredientTest" time="0.004"/>
  <testcase name="testIngredientType[5]" classname="praktikum.IngredientTest" time="0"/>
  <testcase name="testEmptyName[5]" classname="praktikum.IngredientTest" time="0"/>
  <testcase name="testGetName[5]" classname="praktikum.IngredientTest" time="0"/>
  <testcase name="testGetType[5]" classname="praktikum.IngredientTest" time="0.001"/>
  <testcase name="testDifferentIngredients[5]" classname="praktikum.IngredientTest" time="0.001"/>
  <testcase name="testZeroPrice[5]" classname="praktikum.IngredientTest" time="0.001"/>
  <testcase name="testNegativePrice[5]" classname="praktikum.IngredientTest" time="0"/>
  <testcase name="testGetPrice[6]" classname="praktikum.IngredientTest" time="0"/>
  <testcase name="testNullName[6]" classname="praktikum.IngredientTest" time="0"/>
  <testcase name="testIngredientType[6]" classname="praktikum.IngredientTest" time="0"/>
  <testcase name="testEmptyName[6]" classname="praktikum.IngredientTest" time="0"/>
  <testcase name="testGetName[6]" classname="praktikum.IngredientTest" time="0"/>
  <testcase name="testGetType[6]" classname="praktikum.IngredientTest" time="0"/>
  <testcase name="testDifferentIngredients[6]" classname="praktikum.IngredientTest" time="0.001"/>
  <testcase name="testZeroPrice[6]" classname="praktikum.IngredientTest" time="0.001"/>
  <testcase name="testNegativePrice[6]" classname="praktikum.IngredientTest" time="0"/>
  <testcase name="testGetPrice[7]" classname="praktikum.IngredientTest" time="0"/>
  <testcase name="testNullName[7]" classname="praktikum.IngredientTest" time="0"/>
  <testcase name="testIngredientType[7]" classname="praktikum.IngredientTest" time="0"/>
  <testcase name="testEmptyName[7]" classname="praktikum.IngredientTest" time="0"/>
  <testcase name="testGetName[7]" classname="praktikum.IngredientTest" time="0"/>
  <testcase name="testGetType[7]" classname="praktikum.IngredientTest" time="0"/>
  <testcase name="testDifferentIngredients[7]" classname="praktikum.IngredientTest" time="0"/>
  <testcase name="testZeroPrice[7]" classname="praktikum.IngredientTest" time="0"/>
  <testcase name="testNegativePrice[7]" classname="praktikum.IngredientTest" time="0.001"/>
</testsuite>