<?xml version="1.0" encoding="UTF-8"?>
<testsuite xmlns:xsi="http://www.w3.org/2001/XMLSchema-instance" xsi:noNamespaceSchemaLocation="https://maven.apache.org/surefire/maven-surefire-plugin/xsd/surefire-test-report.xsd" name="praktikum.BunTest" time="0.022" tests="120" errors="0" skipped="0" failures="0">
  <properties>
[...]
</properties>
  <testcase name="testGetNameWithEmptyString[0]" classname="praktikum.BunTest" time="0"/>
  <testcase name="testGetPrice[0]" classname="praktikum.BunTest" time="0"/>
  <testcase name="testGetPriceWithZeroValue[0]" classname="praktikum.BunTest" time="0"/>
  <testcase name="testGetName[0]" classname="praktikum.BunTest" time="0"/>
  <testcase name="testGetPriceWithLargeValue[0]" classname="praktikum.BunTest" time="0"/>
  <testcase name="testGetPriceWithEdgeValues[0]" classname="praktikum.BunTest" time="0"/>
  <testcase name="testGetPriceWithNegativeValue[0]" classname="praktikum.BunTest" time="0.002"/>
  <testcase name="testMultipleBuns[0]" classname="praktikum.BunTest" time="0"/>
  <testcase name="testGetNameWithNull[0]" classname="praktikum.BunTest" time="0"/>
  <testcase name="testNullBun[0]" classname="praktikum.BunTest" time="0"/>
  <testcase name="testGetNameWithEmptyString[1]" classname="praktikum.BunTest" time="0"/>
  <testcase name="testGetPrice[1]" classname="praktikum.BunTest" time="0"/>
  <testcase name="testGetPriceWithZeroValue[1]" classname="praktikum.BunTest" time="0"/>
  <testcase name="testGetName[1]" classname="praktikum.BunTest" time="0"/>
  <testcase name="testGetPriceWithLargeValue[1]" classname="praktikum.BunTest" time="0"/>
  <testcase name="testGetPriceWithEdgeValues[1]" classname="praktikum.BunTest" time="0.009"/>
  <testcase name="testGetPriceWithNegativeValue[1]" classname="praktikum.BunTest" time="0"/>
  <testcase name="testMultipleBuns[1]" classname="praktikum.BunTest" time="0"/>
  <testcase name="testGetNameWithNull[1]" classname="praktikum.BunTest" time="0"/>
  <testcase name="testNullBun[1]" classname="praktikum.BunTest" time="0"/>
  <testcase name="testGetNameWithEmptyString[2]" classname="praktikum.BunTest" time="0"/>
  <testcase name="testGetPrice[2]" classname="praktikum.BunTest" time="0"/>
  <testcase name="testGetPriceWithZeroValue[2]" classname="praktikum.BunTest" time="0"/>
  <testcase name="testGetName[2]" classname="praktikum.BunTest" time="0"/>
  <testcase name="testGetPriceWithLargeValue[2]" classname="praktikum.BunTest" time="0"/>
  <testcase name="testGetPriceWithEdgeValues[2]" classname="praktikum.BunTest" time="0"/>
  <testcase name="testGetPriceWithNegativeValue[2]" classname="praktikum.BunTest" time="0"/>
  <testcase name="testMultipleBuns[2]" classname="praktikum.BunTest" time="0"/>
  <testcase name="testGetNameWithNull[2]" classname="praktikum.BunTest" time="0.001"/>
  <testcase name="testNullBun[2]" classname="praktikum.BunTest" time="0"/>
  <testcase name="testGetNameWithEmptyString[3]" classname="praktikum.BunTest" time="0"/>
  <testcase name="testGetPrice[3]" classname="praktikum.BunTest" time="0"/>
  <testcase name="testGetPriceWithZeroValue[3]" classname="praktikum.BunTest" time="0"/>
  <testcase name="testGetName[3]" classname="praktikum.BunTest" time="0"/>
  <testcase name="testGetPriceWithLargeValue[3]" classname="praktikum.BunTest" time="0"/>
  <testcase name="testGetPriceWithEdgeValues[3]" classname="praktikum.BunTest" time="0"/>
  <testcase name="testGetPriceWithNegativeValue[3]" classname="praktikum.BunTest" time="0"/>
  <testcase name="testMultipleBuns[3]" classname="praktikum.BunTest" time="0"/>
  <testcase name="testGetNameWithNull[3]" classname="praktikum.BunTest" time="0"/>
  <testcase name="testNullBun[3]" classname="praktikum.BunTest" time="0"/>
  <testcase name="testGetNameWithEmptyString[4]" classname="praktikum.BunTest" time="0"/>
  <testcase name="testGetPrice[4]" classname="praktikum.BunTest" time="0"/>
  <testcase name="testGetPriceWithZeroValue[4]" classname="praktikum.BunTest" time="0"/>
  <testcase name="testGetName[4]" classname="praktikum.BunTest" time="0"/>
  <testcase name="testGetPriceWithLargeValue[4]" classname="praktikum.BunTest" time="0"/>
  <testcase name="testGetPriceWithEdgeValues[4]" classname="praktikum.BunTest" time="0"/>
  <testcase name="testGetPriceWithNegativeValue[4]" classname="praktikum.BunTest" time="0"/>
  <testcase name="testMultipleBuns[4]" classname="praktikum.BunTest" time="0"/>
  <testcase name="testGetNameWithNull[4]" classname="praktikum.BunTest" time="0"/>
  <testcase name="testNullBun[4]" classname="praktikum.BunTest" time="0"/>
  <testcase name="testGetNameWithEmptyString[5]" classname="praktikum.BunTest" time="0"/>
  <testcase name="testGetPrice[5]" classname="praktikum.BunTest" time="0"/>
  <testcase name="testGetPriceWithZeroValue[5]" classname="praktikum.BunTest" time="0"/>
  <testcase name="testGetName[5]" classname="praktikum.BunTest" time="0"/>
  <testcase name="testGetPriceWithLargeValue[5]" classname="praktikum.BunTest" time="0"/>
  <testcase name="testGetPriceWithEdgeValues[5]" classname="praktikum.BunTest" time="0"/>
  <testcase name="testGetPriceWithNegativeValue[5]" classname="praktikum.BunTest" time="0"/>
  <testcase name="testMultipleBuns[5]" classname="praktikum.BunTest" time="0"/>
  <testcase name="testGetNameWithNull[5]" classname="praktikum.BunTest" time="0"/>
  <testcase name="testNullBun[5]" classname="praktikum.BunTest" time="0"/>
  <testcase name="testGetNameWithEmptyString[6]" classname="praktikum.BunTest" time="0"/>
  <testcase name="testGetPrice[6]" classname="praktikum.BunTest" time="0"/>
  <testcase name="testGetPriceWithZeroValue[6]" classname="praktikum.BunTest" time="0"/>
  <testcase name="testGetName[6]" classname="praktikum.BunTest" time="0"/>
  <testcase name="testGetPriceWithLargeValue[6]" classname="praktikum.BunTest" time="0"/>
  <testcase name="testGetPriceWithEdgeValues[6]" classname="praktikum.BunTest" time="0"/>
  <testcase name="testGetPriceWithNegativeValue[6]" classname="praktikum.BunTest" time="0"/>
  <testcase name="testMultipleBuns[6]" classname="praktikum.BunTest" time="0"/>
  <testcase name="testGetNameWithNull[6]" classname="praktikum.BunTest" time="0"/>
  <testcase name="testNullBun[6]" classname="praktikum.BunTest" time="0"/>
  <testcase name="testGetNameWithEmptyString[7]" classname="praktikum.BunTest" time="0"/>
  <testcase name="testGetPrice[7]" classname="praktikum.BunTest" time="0"/>
  <testcase name="testGetPriceWithZeroValue[7]" classname="praktikum.BunTest" time="0"/>
  <testcase name="testGetName[7]" classname="praktikum.BunTest" time="0"/>
  <testcase name="testGetPriceWithLargeValue[7]" classname="praktikum.BunTest" time="0"/>
  <testcase name="testGetPriceWithEdgeValues[7]" classname="praktikum.BunTest" time="0"/>
  <testcase name="testGetPriceWithNegativeValue[7]" classname="praktikum.BunTest" time="0"/>
  <testcase name="testMultipleBuns[7]" classname="praktikum.BunTest" time="0"/>
  <testcase name="testGetNameWithNull[7]" classname="praktikum.BunTest" time="0"/>
  <testcase name="testNullBun[7]" classname="praktikum.BunTest" time="0"/>
  <testcase name="testGetNameWithEmptyString[8]" classname="praktikum.BunTest" time="0"/>
  <testcase name="testGetPrice[8]" classname="praktikum.BunTest" time="0"/>
  <testcase name="testGetPriceWithZeroValue[8]" classname="praktikum.BunTest" time="0"/>
  <testcase name="testGetName[8]" classname="praktikum.BunTest" time="0"/>
  <testcase name="testGetPriceWithLargeValue[8]" classname="praktikum.BunTest" time="0"/>
  <testcase name="testGetPriceWithEdgeValues[8]" classname="praktikum.BunTest" time="0"/>
  <testcase name="testGetPriceWithNegativeValue[8]" classname="praktikum.BunTest" time="0"/>
  <testcase name="testMultipleBuns[8]" classname="praktikum.BunTest" time="0"/>
  <testcase name="testGetNameWithNull[8]" classname="praktikum.BunTest" time="0"/>
  <testcase name="testNullBun[8]" classname="praktikum.BunTest" time="0"/>
  <testcase name="testGetNameWithEmptyString[9]" classname="praktikum.BunTest" time="0"/>
  <testcase name="testGetPrice[9]" classname="praktikum.BunTest" time="0"/>
  <testcase name="testGetPriceWithZeroValue[9]" classname="praktikum.BunTest" time="0"/>
  <testcase name="testGetName[9]" classname="praktikum.BunTest" time="0"/>
  <testcase name="testGetPriceWithLargeValue[9]" classname="praktikum.BunTest" time="0"/>
  <testcase name="testGetPriceWithEdgeValues[9]" classname="praktikum.BunTest" time="0"/>
  <testcase name="testGetPriceWithNegativeValue[9]" classname="praktikum.BunTest" time="0"/>
  <testcase name="testMultipleBuns[9]" classname="praktikum.BunTest" time="0"/>
  <testcase name="testGetNameWithNull[9]" classname="praktikum.BunTest" time="0"/>
  <testcase name="testNullBun[9]" classname="praktikum.BunTest" time="0.001"/>
  <testcase name="testGetNameWithEmptyString[10]" classname="praktikum.BunTest" time="0"/>
  <testcase name="testGetPrice[10]" classname="praktikum.BunTest" time="0"/>
  <testcase name="testGetPriceWithZeroValue[10]" classname="praktikum.BunTest" time="0"/>
  <testcase name="testGetName[10]" classname="praktikum.BunTest" time="0"/>
  <testcase name="testGetPriceWithLargeValue[10]" classname="praktikum.BunTest" time="0"/>
  <testcase name="testGetPriceWithEdgeValues[10]" classname="praktikum.BunTest" time="0"/>
  <testcase name="testGetPriceWithNegativeValue[10]" classname="praktikum.BunTest" time="0"/>
  <testcase name="testMultipleBuns[10]" classname="praktikum.BunTest" time="0"/>
  <testcase name="testGetNameWithNull[10]" classname="praktikum.BunTest" time="0"/>
  <testcase name="testNullBun[10]" classname="praktikum.BunTest" time="0"/>
  <testcase name="testGetNameWithEmptyString[11]" classname="praktikum.BunTest" time="0"/>
  <testcase name="testGetPrice[11]" classname="praktikum.BunTest" time="0"/>
  <testcase name="testGetPriceWithZeroValue[11]" classname="praktikum.BunTest" time="0"/>
  <testcase name="testGetName[11]" classname="praktikum.BunTest" time="0"/>
  <testcase name="testGetPriceWithLargeValue[11]" classname="praktikum.BunTest" time="0"/>
  <testcase name="testGetPriceWithEdgeValues[11]" classname="praktikum.BunTest" time="0"/>
  <testcase name="testGetPriceWithNegativeValue[11]" classname="praktikum.BunTest" time="0"/>
  <testcase name="testMultipleBuns[11]" classname="praktikum.BunTest" time="0"/>
  <testcase name="testGetNameWithNull[11]" classname="praktikum.BunTest" time="0"/>
  <testcase name="testNullBun[11]" classname="praktikum.BunTest" time="0"/>
</testsuite>