<?xml version="1.0" encoding="UTF-8"?>
<testsuite xmlns:xsi="http://www.w3.org/2001/XMLSchema-instance" xsi:noNamespaceSchemaLocation="https://maven.apache.org/surefire/maven-surefire-plugin/xsd/surefire-test-report.xsd" name="praktikum.BurgerTest" time="0.872" tests="32" errors="0" skipped="0" failures="16">
  <properties>
    <property name="gopherProxySet" value="false"/>
    <property name="awt.toolkit" value="sun.lwawt.macosx.LWCToolkit"/>
    <property name="java.specification.version" value="11"/>
    <property name="sun.cpu.isalist" value=""/>
    <property name="sun.jnu.encoding" value="UTF-8"/>
    <property name="java.class.path" value="/Users/annaurasova/Desktop/Diplom/QA-java-diplom-1/target/test-classes:/Users/annaurasova/Desktop/Diplom/QA-java-diplom-1/target/classes:/Users/annaurasova/.m2/repository/junit/junit/4.13.2/junit-4.13.2.jar:/Users/annaurasova/.m2/repository/org/hamcrest/hamcrest-core/1.3/hamcrest-core-1.3.jar:/Users/annaurasova/.m2/repository/org/mockito/mockito-core/3.12.4/mockito-core-3.12.4.jar:/Users/annaurasova/.m2/repository/net/bytebuddy/byte-buddy/1.11.13/byte-buddy-1.11.13.jar:/Users/annaurasova/.m2/repository/net/bytebuddy/byte-buddy-agent/1.11.13/byte-buddy-agent-1.11.13.jar:/Users/annaurasova/.m2/repository/org/objenesis/objenesis/3.2/objenesis-3.2.jar:"/>
    <property name="java.vm.vendor" value="Amazon.com Inc."/>
    <property name="sun.arch.data.model" value="64"/>
    <property name="java.vendor.url" value="https://aws.amazon.com/corretto/"/>
    <property name="user.timezone" value=""/>
    <property name="java.vm.specification.version" value="11"/>
    <property name="os.name" value="Mac OS X"/>
    <property name="sun.java.launcher" value="SUN_STANDARD"/>
    <property name="user.country" value="BY"/>
    <property name="sun.boot.library.path" value="/Library/Java/JavaVirtualMachines/amazon-corretto-11.jdk/Contents/Home/lib"/>
    <property name="sun.java.command" value="/Users/annaurasova/Desktop/Diplom/QA-java-diplom-1/target/surefire/surefirebooter3712296647091652858.jar /Users/annaurasova/Desktop/Diplom/QA-java-diplom-1/target/surefire 2024-11-16T18-12-32_864-jvmRun1 surefire10410645613007202349tmp surefire_08837638112105157238tmp"/>
    <property name="http.nonProxyHosts" value="local|*.local|169.254/16|*.169.254/16"/>
    <property name="jdk.debug" value="release"/>
    <property name="surefire.test.class.path" value="/Users/annaurasova/Desktop/Diplom/QA-java-diplom-1/target/test-classes:/Users/annaurasova/Desktop/Diplom/QA-java-diplom-1/target/classes:/Users/annaurasova/.m2/repository/junit/junit/4.13.2/junit-4.13.2.jar:/Users/annaurasova/.m2/repository/org/hamcrest/hamcrest-core/1.3/hamcrest-core-1.3.jar:/Users/annaurasova/.m2/repository/org/mockito/mockito-core/3.12.4/mockito-core-3.12.4.jar:/Users/annaurasova/.m2/repository/net/bytebuddy/byte-buddy/1.11.13/byte-buddy-1.11.13.jar:/Users/annaurasova/.m2/repository/net/bytebuddy/byte-buddy-agent/1.11.13/byte-buddy-agent-1.11.13.jar:/Users/annaurasova/.m2/repository/org/objenesis/objenesis/3.2/objenesis-3.2.jar:"/>
    <property name="sun.cpu.endian" value="little"/>
    <property name="user.home" value="/Users/annaurasova"/>
    <property name="user.language" value="ru"/>
    <property name="java.specification.vendor" value="Oracle Corporation"/>
    <property name="java.version.date" value="2024-07-16"/>
    <property name="java.home" value="/Library/Java/JavaVirtualMachines/amazon-corretto-11.jdk/Contents/Home"/>
    <property name="file.separator" value="/"/>
    <property name="basedir" value="/Users/annaurasova/Desktop/Diplom/QA-java-diplom-1"/>
    <property name="java.vm.compressedOopsMode" value="Zero based"/>
    <property name="line.separator" value="&#10;"/>
    <property name="java.specification.name" value="Java Platform API Specification"/>
    <property name="java.vm.specification.vendor" value="Oracle Corporation"/>
    <property name="java.awt.graphicsenv" value="sun.awt.CGraphicsEnvironment"/>
    <property name="surefire.real.class.path" value="/Users/annaurasova/Desktop/Diplom/QA-java-diplom-1/target/surefire/surefirebooter3712296647091652858.jar"/>
    <property name="sun.management.compiler" value="HotSpot 64-Bit Tiered Compilers"/>
    <property name="ftp.nonProxyHosts" value="local|*.local|169.254/16|*.169.254/16"/>
    <property name="java.runtime.version" value="11.0.24+8-LTS"/>
    <property name="user.name" value="annaurasova"/>
    <property name="path.separator" value=":"/>
    <property name="os.version" value="13.6.3"/>
    <property name="java.runtime.name" value="OpenJDK Runtime Environment"/>
    <property name="file.encoding" value="UTF-8"/>
    <property name="java.vm.name" value="OpenJDK 64-Bit Server VM"/>
    <property name="java.vendor.version" value="Corretto-11.0.24.8.1"/>
    <property name="localRepository" value="/Users/annaurasova/.m2/repository"/>
    <property name="java.vendor.url.bug" value="https://github.com/corretto/corretto-11/issues/"/>
    <property name="java.io.tmpdir" value="/var/folders/3k/gwksh9ss2r549tr92ghvmr1r0000gn/T/"/>
    <property name="java.version" value="11.0.24"/>
    <property name="user.dir" value="/Users/annaurasova/Desktop/Diplom/QA-java-diplom-1"/>
    <property name="os.arch" value="x86_64"/>
    <property name="java.vm.specification.name" value="Java Virtual Machine Specification"/>
    <property name="java.awt.printerjob" value="sun.lwawt.macosx.CPrinterJob"/>
    <property name="sun.os.patch.level" value="unknown"/>
    <property name="java.library.path" value="/Users/annaurasova/Library/Java/Extensions:/Library/Java/Extensions:/Network/Library/Java/Extensions:/System/Library/Java/Extensions:/usr/lib/java:."/>
    <property name="java.vm.info" value="mixed mode"/>
    <property name="java.vendor" value="Amazon.com Inc."/>
    <property name="java.vm.version" value="11.0.24+8-LTS"/>
    <property name="java.specification.maintenance.version" value="2"/>
    <property name="sun.io.unicode.encoding" value="UnicodeBig"/>
    <property name="java.class.version" value="55.0"/>
    <property name="socksNonProxyHosts" value="local|*.local|169.254/16|*.169.254/16"/>
  </properties>
  <testcase name="testAddMultipleIngredients[0]" classname="praktikum.BurgerTest" time="0.79">
    <failure message="expected:&lt;500.0&gt; but was:&lt;600.0&gt;" type="java.lang.AssertionError"><![CDATA[java.lang.AssertionError: expected:<500.0> but was:<600.0>
	at praktikum.BurgerTest.testAddMultipleIngredients(BurgerTest.java:134)
]]></failure>
  </testcase>
  <testcase name="testGetPrice[0]" classname="praktikum.BurgerTest" time="0">
    <failure message="expected:&lt;300.0&gt; but was:&lt;400.0&gt;" type="java.lang.AssertionError"><![CDATA[java.lang.AssertionError: expected:<300.0> but was:<400.0>
	at praktikum.BurgerTest.testGetPrice(BurgerTest.java:92)
]]></failure>
  </testcase>
  <testcase name="testRemoveIngredient[0]" classname="praktikum.BurgerTest" time="0"/>
  <testcase name="testMoveIngredient[0]" classname="praktikum.BurgerTest" time="0"/>
  <testcase name="testGetPriceWithMultipleIngredients[0]" classname="praktikum.BurgerTest" time="0">
    <failure message="expected:&lt;500.0&gt; but was:&lt;600.0&gt;" type="java.lang.AssertionError"><![CDATA[java.lang.AssertionError: expected:<500.0> but was:<600.0>
	at praktikum.BurgerTest.testGetPriceWithMultipleIngredients(BurgerTest.java:144)
]]></failure>
  </testcase>
  <testcase name="testGetReceipt[0]" classname="praktikum.BurgerTest" time="0.063">
    <failure message="expected:&lt;...=whitebun====)Price:[250,]0&gt; but was:&lt;...=whitebun====)Price:[450,00000]0&gt;" type="org.junit.ComparisonFailure"><![CDATA[org.junit.ComparisonFailure: expected:<...=whitebun====)Price:[250,]0> but was:<...=whitebun====)Price:[450,00000]0>
	at praktikum.BurgerTest.testGetReceipt(BurgerTest.java:124)
]]></failure>
    <system-out><![CDATA[Expected: (====whitebun====)=saucehotsauce=(====whitebun====)Price:250,0
Actual: (====whitebun====)=saucehotsauce=(====whitebun====)Price:450,000000
]]></system-out>
  </testcase>
  <testcase name="testSetBuns[0]" classname="praktikum.BurgerTest" time="0"/>
  <testcase name="testAddIngredient[0]" classname="praktikum.BurgerTest" time="0"/>
  <testcase name="testAddMultipleIngredients[1]" classname="praktikum.BurgerTest" time="0">
    <failure message="expected:&lt;500.0&gt; but was:&lt;600.0&gt;" type="java.lang.AssertionError"><![CDATA[java.lang.AssertionError: expected:<500.0> but was:<600.0>
	at praktikum.BurgerTest.testAddMultipleIngredients(BurgerTest.java:134)
]]></failure>
  </testcase>
  <testcase name="testGetPrice[1]" classname="praktikum.BurgerTest" time="0.001">
    <failure message="expected:&lt;300.0&gt; but was:&lt;400.0&gt;" type="java.lang.AssertionError"><![CDATA[java.lang.AssertionError: expected:<300.0> but was:<400.0>
	at praktikum.BurgerTest.testGetPrice(BurgerTest.java:92)
]]></failure>
  </testcase>
  <testcase name="testRemoveIngredient[1]" classname="praktikum.BurgerTest" time="0.001"/>
  <testcase name="testMoveIngredient[1]" classname="praktikum.BurgerTest" time="0"/>
  <testcase name="testGetPriceWithMultipleIngredients[1]" classname="praktikum.BurgerTest" time="0.001">
    <failure message="expected:&lt;500.0&gt; but was:&lt;600.0&gt;" type="java.lang.AssertionError"><![CDATA[java.lang.AssertionError: expected:<500.0> but was:<600.0>
	at praktikum.BurgerTest.testGetPriceWithMultipleIngredients(BurgerTest.java:144)
]]></failure>
  </testcase>
  <testcase name="testGetReceipt[1]" classname="praktikum.BurgerTest" time="0.003">
    <failure message="expected:&lt;...=whitebun====)Price:[270,]0&gt; but was:&lt;...=whitebun====)Price:[470,00000]0&gt;" type="org.junit.ComparisonFailure"><![CDATA[org.junit.ComparisonFailure: expected:<...=whitebun====)Price:[270,]0> but was:<...=whitebun====)Price:[470,00000]0>
	at praktikum.BurgerTest.testGetReceipt(BurgerTest.java:124)
]]></failure>
    <system-out><![CDATA[Expected: (====whitebun====)=fillingcheese=(====whitebun====)Price:270,0
Actual: (====whitebun====)=fillingcheese=(====whitebun====)Price:470,000000
]]></system-out>
  </testcase>
  <testcase name="testSetBuns[1]" classname="praktikum.BurgerTest" time="0.001"/>
  <testcase name="testAddIngredient[1]" classname="praktikum.BurgerTest" time="0"/>
  <testcase name="testAddMultipleIngredients[2]" classname="praktikum.BurgerTest" time="0.001">
    <failure message="expected:&lt;500.0&gt; but was:&lt;600.0&gt;" type="java.lang.AssertionError"><![CDATA[java.lang.AssertionError: expected:<500.0> but was:<600.0>
	at praktikum.BurgerTest.testAddMultipleIngredients(BurgerTest.java:134)
]]></failure>
  </testcase>
  <testcase name="testGetPrice[2]" classname="praktikum.BurgerTest" time="0">
    <failure message="expected:&lt;300.0&gt; but was:&lt;400.0&gt;" type="java.lang.AssertionError"><![CDATA[java.lang.AssertionError: expected:<300.0> but was:<400.0>
	at praktikum.BurgerTest.testGetPrice(BurgerTest.java:92)
]]></failure>
  </testcase>
  <testcase name="testRemoveIngredient[2]" classname="praktikum.BurgerTest" time="0.001"/>
  <testcase name="testMoveIngredient[2]" classname="praktikum.BurgerTest" time="0"/>
  <testcase name="testGetPriceWithMultipleIngredients[2]" classname="praktikum.BurgerTest" time="0">
    <failure message="expected:&lt;500.0&gt; but was:&lt;600.0&gt;" type="java.lang.AssertionError"><![CDATA[java.lang.AssertionError: expected:<500.0> but was:<600.0>
	at praktikum.BurgerTest.testGetPriceWithMultipleIngredients(BurgerTest.java:144)
]]></failure>
  </testcase>
  <testcase name="testGetReceipt[2]" classname="praktikum.BurgerTest" time="0.004">
    <failure message="expected:&lt;...=whitebun====)Price:[250,]0&gt; but was:&lt;...=whitebun====)Price:[450,00000]0&gt;" type="org.junit.ComparisonFailure"><![CDATA[org.junit.ComparisonFailure: expected:<...=whitebun====)Price:[250,]0> but was:<...=whitebun====)Price:[450,00000]0>
	at praktikum.BurgerTest.testGetReceipt(BurgerTest.java:124)
]]></failure>
    <system-out><![CDATA[Expected: (====whitebun====)=fillinglettuce=(====whitebun====)Price:250,0
Actual: (====whitebun====)=fillinglettuce=(====whitebun====)Price:450,000000
]]></system-out>
  </testcase>
  <testcase name="testSetBuns[2]" classname="praktikum.BurgerTest" time="0"/>
  <testcase name="testAddIngredient[2]" classname="praktikum.BurgerTest" time="0"/>
  <testcase name="testAddMultipleIngredients[3]" classname="praktikum.BurgerTest" time="0.001">
    <failure message="expected:&lt;500.0&gt; but was:&lt;600.0&gt;" type="java.lang.AssertionError"><![CDATA[java.lang.AssertionError: expected:<500.0> but was:<600.0>
	at praktikum.BurgerTest.testAddMultipleIngredients(BurgerTest.java:134)
]]></failure>
  </testcase>
  <testcase name="testGetPrice[3]" classname="praktikum.BurgerTest" time="0.001">
    <failure message="expected:&lt;300.0&gt; but was:&lt;400.0&gt;" type="java.lang.AssertionError"><![CDATA[java.lang.AssertionError: expected:<300.0> but was:<400.0>
	at praktikum.BurgerTest.testGetPrice(BurgerTest.java:92)
]]></failure>
  </testcase>
  <testcase name="testRemoveIngredient[3]" classname="praktikum.BurgerTest" time="0"/>
  <testcase name="testMoveIngredient[3]" classname="praktikum.BurgerTest" time="0"/>
  <testcase name="testGetPriceWithMultipleIngredients[3]" classname="praktikum.BurgerTest" time="0">
    <failure message="expected:&lt;500.0&gt; but was:&lt;600.0&gt;" type="java.lang.AssertionError"><![CDATA[java.lang.AssertionError: expected:<500.0> but was:<600.0>
	at praktikum.BurgerTest.testGetPriceWithMultipleIngredients(BurgerTest.java:144)
]]></failure>
  </testcase>
  <testcase name="testGetReceipt[3]" classname="praktikum.BurgerTest" time="0.002">
    <failure message="expected:&lt;...=whitebun====)Price:[250,]0&gt; but was:&lt;...=whitebun====)Price:[450,00000]0&gt;" type="org.junit.ComparisonFailure"><![CDATA[org.junit.ComparisonFailure: expected:<...=whitebun====)Price:[250,]0> but was:<...=whitebun====)Price:[450,00000]0>
	at praktikum.BurgerTest.testGetReceipt(BurgerTest.java:124)
]]></failure>
    <system-out><![CDATA[Expected: (====whitebun====)=saucebbqsauce=(====whitebun====)Price:250,0
Actual: (====whitebun====)=saucebbqsauce=(====whitebun====)Price:450,000000
]]></system-out>
  </testcase>
  <testcase name="testSetBuns[3]" classname="praktikum.BurgerTest" time="0.001"/>
  <testcase name="testAddIngredient[3]" classname="praktikum.BurgerTest" time="0"/>
</testsuite>